---------------------------------------
Begin Slurm Prolog: Apr-26-2025 15:58:23
Job ID:    4179783
User ID:   jyang872
Account:   gts-jscott319
Job name:  FLECCS
Partition: cpu-large
QOS:       inferno
---------------------------------------

CommandNotFoundError: Your shell has not been properly configured to use 'conda deactivate'.
To initialize your shell, run

    $ conda init <SHELL_NAME>

Currently supported shells are:
  - bash
  - fish
  - tcsh
  - xonsh
  - zsh
  - powershell

See 'conda init --help' for more information and options.

IMPORTANT: You may need to close and restart your shell after running 'conda init'.



Due to MODULEPATH changes, the following have been reloaded:
  1) gmp/6.2.1     2) mpc/1.3.1     3) mpfr/4.2.0     4) zlib/1.2.13

Solving the problem via SBB...
	Maximum iteration: 100000000.0
	Maximum time: 43200
	Tolerance: 1E-03
Initialize the model...
	Root node lower bound: -582408398.91, upper bound: -89116953.73
	Total initialization CPU time: 170.31 s
Done.
Solving the model...
================================================================================
  iteration     CPU time    wall time  lower bound  upper bound     gap
         1      1196.58      1229.93   -5.2797E+08   -8.9117E+07   492.4458%
         2      1686.50      1645.49   -5.2545E+08   -4.8289E+08   8.8124%
         3      2012.43      2012.71   -5.1282E+08   -4.8289E+08   6.1968%
         4      2295.78      2334.44   -5.1285E+08   -4.8289E+08   6.2033%
         5      4773.51      4726.18   -5.0983E+08   -4.8289E+08   5.5773%
         6      5376.83      5270.81   -4.9898E+08   -4.8289E+08   3.3308%
         7      5899.29      5791.75   -4.9786E+08   -4.8289E+08   3.0992%
         8      6144.98      6074.83   -4.9782E+08   -4.8289E+08   3.0900%
         9      6239.61      6213.86   -4.9638E+08   -4.8289E+08   2.7922%
        10      6399.51      6418.89   -4.9636E+08   -4.8289E+08   2.7875%
        11      6703.73      6742.61   -4.9554E+08   -4.8289E+08   2.6183%
        12      6722.21      6809.75   -4.9554E+08   -4.8289E+08   2.6183%
        13      6740.90      6878.57   -4.9555E+08   -4.8289E+08   2.6204%
        14      6761.15      6948.34   -4.9554E+08   -4.8603E+08   1.9585%
        15      6779.93      7016.17   -4.9554E+08   -4.8716E+08   1.7201%
        16      6799.13      7085.79   -4.9554E+08   -4.9146E+08   0.8300%
        17      6817.96      7153.96   -4.9554E+08   -4.9203E+08   0.7139%
        18      6836.78      7223.48   -4.9554E+08   -4.9418E+08   0.2757%
        19      6855.49      7292.65   -4.9554E+08   -4.9446E+08   0.2182%
        20      6882.32      7368.95   -4.9554E+08   -4.9446E+08   0.2182%
        21      6917.26      7453.06   -4.9554E+08   -4.9446E+08   0.2182%
        22      6968.99      7550.49   -4.9542E+08   -4.9446E+08   0.1940%
        23      7026.27      7657.50   -4.9514E+08   -4.9446E+08   0.1367%
        24      7052.77      7734.72   -4.9514E+08   -4.9446E+08   0.1367%
        25      7087.55      7817.43   -4.9514E+08   -4.9446E+08   0.1367%
        26      7138.36      7917.88   -4.9511E+08   -4.9446E+08   0.1310%
        27      7203.26      8027.13   -4.9507E+08   -4.9446E+08   0.1237%
        28      7268.68      8143.22   -4.9500E+08   -4.9446E+08   0.1091%
        29      7318.92      8244.77   -4.9504E+08   -4.9446E+08   0.1177%
        30      7381.97      8353.83   -4.9486E+08   -4.9446E+08   0.0804%
================================================================================


Optimal solution found.

total wall time: 8353.83 s
total CPU time: 7381.97 s
Nodes explored in branch-and-bound: 61
---------------------------------------
Begin Slurm Epilog: Apr-26-2025 18:19:29
Job ID:        4179783
User ID:       jyang872
Account:       gts-jscott319
Job name:      FLECCS
Resources:     cpu=1,mem=24G,node=1
Rsrc Used:     cput=02:21:07,vmem=0,walltime=02:21:07,mem=37276K,energy_used=0
Partition:     cpu-large
QOS:           inferno
Nodes:         atl1-1-03-004-6-1
---------------------------------------
