---------------------------------------
Begin Slurm Prolog: Apr-26-2025 15:58:23
Job ID:    4179786
User ID:   jyang872
Account:   gts-jscott319
Job name:  poutil
Partition: cpu-large
QOS:       inferno
---------------------------------------

CommandNotFoundError: Your shell has not been properly configured to use 'conda deactivate'.
To initialize your shell, run

    $ conda init <SHELL_NAME>

Currently supported shells are:
  - bash
  - fish
  - tcsh
  - xonsh
  - zsh
  - powershell

See 'conda init --help' for more information and options.

IMPORTANT: You may need to close and restart your shell after running 'conda init'.



Due to MODULEPATH changes, the following have been reloaded:
  1) gmp/6.2.1     2) mpc/1.3.1     3) mpfr/4.2.0     4) zlib/1.2.13

Solving the problem via SBB...
	Maximum iteration: 100000000.0
	Maximum time: 43200
	Tolerance: 1E-03
Initialize the model...
	Root node lower bound: 264915.16, upper bound: inf
	Total initialization CPU time: 2106.45 s
Done.
Solving the model...
================================================================================
  iteration     CPU time    wall time  lower bound  upper bound     gap
         1      4370.36      1758.96   264915.1568   326156.5048   18.7767%
         2      6764.49      2721.61   264915.1568   295631.5048   10.3901%
         3      7959.75      3161.39   264915.1568   283939.0048   6.7000%
         4      9752.48      3814.42   264915.1568   272254.0048   2.6956%
         5     10469.37      4073.76   264915.1568   271504.0048   2.4268%
         6     11235.18      4381.59   264915.1568   269996.5048   1.8820%
         7     11486.51      4484.18   264992.1347   268541.5048   1.3217%
         8     11682.03      4581.47   264995.1568   267105.2548   0.7900%
         9     11704.78      4601.56   264995.1568   267105.2548   0.7900%
        10     11722.43      4616.36   265008.9068   267105.2548   0.7848%
        11     11737.00      4631.90   265366.7866   267105.2548   0.6509%
        12     11748.94      4644.76   265533.8140   266849.3173   0.4930%
        13     11768.03      4661.52   265533.8140   266849.3173   0.4930%
        14     11778.30      4674.20   265529.3307   266849.3173   0.4947%
        15     11786.09      4684.93   265550.4425   266849.3173   0.4867%
        16     11796.11      4697.97   265560.2678   266849.3173   0.4831%
        17     11808.50      4712.67   265695.6128   266849.3173   0.4323%
        18     11816.81      4723.87   265751.7458   266849.3173   0.4113%
        19     11827.43      4736.81   265812.6568   266849.3173   0.3885%
        20     12038.45      4828.48   265812.6568   266849.3173   0.3885%
        21     12082.81      4857.00   265819.5532   266849.3173   0.3859%
        22     12091.21      4868.52   265840.1568   266849.3173   0.3782%
        23     12108.47      4884.20   265863.1256   266849.3173   0.3696%
        24     12125.18      4899.86   265870.1568   266849.3173   0.3669%
        25     12138.65      4913.97   265891.8731   266849.3173   0.3588%
        26     12148.22      4926.76   265911.6568   266849.3173   0.3514%
        27     12155.95      4937.61   265923.0318   266849.3173   0.3471%
        28     12168.64      4951.42   265932.6568   266725.5673   0.2973%
        29     12192.86      4969.24   265942.3756   266725.5673   0.2936%
        30     12201.11      4980.56   265970.4253   266446.6611   0.1787%
        31     12215.83      4995.25   265978.9216   266446.6611   0.1755%
        32     12226.37      5009.29   265981.8879   266446.6611   0.1744%
        33     12236.84      5022.19   265983.1208   266446.6611   0.1740%
        34     12245.82      5034.42   265977.7894   266446.6611   0.1760%
        35     12253.03      5044.84   265989.5943   266446.6611   0.1715%
        36     12260.64      5055.45   265998.1568   266446.6611   0.1683%
        37     12272.29      5068.22   266013.1133   266446.6611   0.1627%
        38     12278.97      5079.00   266019.3550   266446.6611   0.1604%
        39     12288.68      5091.14   266019.3550   266446.6611   0.1604%
        40     12295.84      5101.71   266031.4800   266446.6611   0.1558%
        41     12302.71      5111.71   266033.9571   266446.6611   0.1549%
        42     12309.27      5121.75   266033.9571   266446.6611   0.1549%
        43     12315.79      5131.55   266037.4796   266446.6611   0.1536%
        44     12326.97      5144.48   266067.2938   266446.6611   0.1424%
        45     12338.42      5158.85   266069.2770   266446.6611   0.1416%
        46     12345.37      5169.31   266086.2612   266446.6611   0.1353%
        47     12355.56      5181.04   266093.6455   266446.6611   0.1325%
        48     12362.54      5191.53   266105.9429   266446.6611   0.1279%
        49     12369.00      5201.48   266114.0508   266347.5205   0.0877%
================================================================================


Optimal solution found.

total wall time: 5201.48 s
total CPU time: 12369.00 s
Nodes explored in branch-and-bound: 99
---------------------------------------
Begin Slurm Epilog: Apr-26-2025 17:26:03
Job ID:        4179786
User ID:       jyang872
Account:       gts-jscott319
Job name:      poutil
Resources:     cpu=1,mem=24G,node=1
Rsrc Used:     cput=01:27:41,vmem=0,walltime=01:27:41,mem=37628K,energy_used=0
Partition:     cpu-large
QOS:           inferno
Nodes:         atl1-1-03-004-6-1
---------------------------------------
