---------------------------------------
Begin Slurm Prolog: Apr-24-2025 13:18:03
Job ID:    4157960
User ID:   jyang872
Account:   gts-jscott319
Job name:  tanksize
Partition: cpu-large
QOS:       inferno
---------------------------------------

CommandNotFoundError: Your shell has not been properly configured to use 'conda deactivate'.
To initialize your shell, run

    $ conda init <SHELL_NAME>

Currently supported shells are:
  - bash
  - fish
  - tcsh
  - xonsh
  - zsh
  - powershell

See 'conda init --help' for more information and options.

IMPORTANT: You may need to close and restart your shell after running 'conda init'.



Due to MODULEPATH changes, the following have been reloaded:
  1) gmp/6.2.1     2) mpc/1.3.1     3) mpfr/4.2.0     4) zlib/1.2.13

Solving the problem via SBB...
	Maximum iteration: 100000000.0
	Maximum time: 43200
	Tolerance: 1E-03
Initialize the model...
	Root node lower bound: 0.90, upper bound: 1.59
	Total initialization CPU time: 2.85 s
Done.
Solving the model...
================================================================================
  iteration     CPU time    wall time  lower bound  upper bound     gap
         1         7.54         4.05       0.9027       1.4725   38.6996%
         2        12.09         6.04       0.9027       1.3644   33.8415%
         3        16.71         8.46       0.9027       1.2959   30.3480%
         4        22.68        11.14       0.9027       1.2237   26.2353%
         5        27.09        13.06       0.9027       1.1578   22.0340%
         6        31.64        15.01       0.9027       1.1160   19.1178%
         7        36.76        17.21       0.9027       1.0744   15.9877%
         8        41.26        19.18       0.9027       1.0365   12.9121%
         9        45.91        21.20       0.9027       1.0125   10.8455%
        10        51.20        23.58       0.9027       0.9897   8.7982%
        11        55.79        25.62       0.9027       0.9690   6.8461%
        12        60.48        27.71       0.9027       0.9559   5.5661%
        13        65.44        29.92       0.9027       0.9439   4.3689%
        14        69.76        32.09       0.9027       0.9332   3.2700%
        15        73.90        34.25       0.9027       0.9263   2.5512%
        16        78.13        36.19       0.9027       0.9201   1.8995%
        17        82.12        38.19       0.9027       0.9069   0.4660%
        18        85.67        40.01       0.9027       0.9069   0.4660%
        19        89.18        41.59       0.9027       0.9059   0.3558%
        20        91.99        42.97       0.9027       0.9059   0.3558%
        21        94.30        44.09       0.9027       0.9059   0.3558%
        22        96.81        45.29       0.9027       0.9059   0.3558%
        23        98.19        46.14       0.9027       0.9059   0.3558%
        24        99.54        47.02       0.9027       0.9038   0.1265%
        25       102.14        48.41       0.9027       0.9031   0.0488%
================================================================================


Optimal solution found.

total wall time: 48.41 s
total CPU time: 102.14 s
Nodes explored in branch-and-bound: 51
---------------------------------------
Begin Slurm Epilog: Apr-24-2025 13:19:11
Job ID:        4157960
User ID:       jyang872
Account:       gts-jscott319
Job name:      tanksize
Resources:     cpu=1,mem=24G,node=1
Rsrc Used:     cput=00:01:09,vmem=0,walltime=00:01:09,mem=37200K,energy_used=0
Partition:     cpu-large
QOS:           inferno
Nodes:         atl1-1-02-020-35-2
---------------------------------------
